19.02.2023 18:24:40 count A  = 1 
19.02.2023 18:24:40 count B  = 1 
19.02.2023 18:24:40 count C  = 1 
19.02.2023 18:24:40 count E  = 3 
19.02.2023 18:24:40 count G  = 1 
19.02.2023 18:24:40 count H  = 1 
19.02.2023 18:24:40 count I  = 1 
19.02.2023 18:24:40 count K  = 1 
19.02.2023 18:24:40 count L  = 1 
19.02.2023 18:24:40 count M  = 1 
19.02.2023 18:24:40 count N  = 2 
19.02.2023 18:24:40 count O  = 2 
19.02.2023 18:24:40 count S  = 4 
19.02.2023 18:24:40 count V  = 1 
19.02.2023 18:24:40 count W  = 1 
19.02.2023 18:24:40 count Ё  = 2 
19.02.2023 18:24:40 count А  = 58 
19.02.2023 18:24:40 count Б  = 19 
19.02.2023 18:24:40 count В  = 53 
19.02.2023 18:24:40 count Г  = 30 
19.02.2023 18:24:40 count Д  = 23 
19.02.2023 18:24:40 count Е  = 110 
19.02.2023 18:24:40 count Ж  = 10 
19.02.2023 18:24:40 count З  = 16 
19.02.2023 18:24:40 count И  = 109 
19.02.2023 18:24:40 count Й  = 27 
19.02.2023 18:24:40 count К  = 44 
19.02.2023 18:24:40 count Л  = 34 
19.02.2023 18:24:40 count М  = 57 
19.02.2023 18:24:40 count Н  = 84 
19.02.2023 18:24:40 count О  = 132 
19.02.2023 18:24:40 count П  = 17 
19.02.2023 18:24:40 count Р  = 74 
19.02.2023 18:24:40 count С  = 62 
19.02.2023 18:24:40 count Т  = 63 
19.02.2023 18:24:40 count У  = 17 
19.02.2023 18:24:40 count Ф  = 6 
19.02.2023 18:24:40 count Х  = 22 
19.02.2023 18:24:40 count Ц  = 6 
19.02.2023 18:24:40 count Ч  = 8 
19.02.2023 18:24:40 count Ш  = 4 
19.02.2023 18:24:40 count Щ  = 2 
19.02.2023 18:24:40 count Ы  = 24 
19.02.2023 18:24:40 count Ь  = 13 
19.02.2023 18:24:40 count Э  = 6 
19.02.2023 18:24:40 count Ю  = 7 
19.02.2023 18:24:40 count Я  = 25 
19.02.2023 18:24:40 count 0  = 7614 
19.02.2023 18:24:40 count 1  = 5344 
19.02.2023 18:24:40 count A  = 98 
19.02.2023 18:24:40 count B  = 41 
19.02.2023 18:24:40 count C  = 74 
19.02.2023 18:24:40 count D  = 127 
19.02.2023 18:24:40 count E  = 341 
19.02.2023 18:24:40 count F  = 28 
19.02.2023 18:24:40 count G  = 41 
19.02.2023 18:24:40 count H  = 102 
19.02.2023 18:24:40 count I  = 191 
19.02.2023 18:24:40 count J  = 2 
19.02.2023 18:24:40 count K  = 34 
19.02.2023 18:24:40 count L  = 68 
19.02.2023 18:24:40 count M  = 34 
19.02.2023 18:24:40 count N  = 229 
19.02.2023 18:24:40 count O  = 40 
19.02.2023 18:24:40 count P  = 13 
19.02.2023 18:24:40 count R  = 139 
19.02.2023 18:24:40 count S  = 137 
19.02.2023 18:24:40 count T  = 168 
19.02.2023 18:24:40 count U  = 92 
19.02.2023 18:24:40 count V  = 17 
19.02.2023 18:24:40 count W  = 39 
19.02.2023 18:24:40 count X  = 1 
19.02.2023 18:24:40 count Y  = 1 
19.02.2023 18:24:40 count Z  = 18 
19.02.2023 18:24:40 count Ä  = 13 
19.02.2023 18:24:40 count Ö  = 5 
19.02.2023 18:24:40 count Ü  = 18 
19.02.2023 18:24:40 count ß  = 2 
19.02.2023 18:24:40 count 0  = 13700 
19.02.2023 18:24:40 count 1  = 14087 
19.02.2023 18:27:32 count A  = 1 
19.02.2023 18:27:32 count B  = 1 
19.02.2023 18:27:32 count C  = 1 
19.02.2023 18:27:32 count E  = 3 
19.02.2023 18:27:32 count G  = 1 
19.02.2023 18:27:32 count H  = 1 
19.02.2023 18:27:32 count I  = 1 
19.02.2023 18:27:32 count K  = 1 
19.02.2023 18:27:32 count L  = 1 
19.02.2023 18:27:32 count M  = 1 
19.02.2023 18:27:32 count N  = 2 
19.02.2023 18:27:32 count O  = 2 
19.02.2023 18:27:32 count S  = 4 
19.02.2023 18:27:32 count V  = 1 
19.02.2023 18:27:32 count W  = 1 
19.02.2023 18:27:32 count Ё  = 2 
19.02.2023 18:27:32 count А  = 58 
19.02.2023 18:27:32 count Б  = 19 
19.02.2023 18:27:32 count В  = 53 
19.02.2023 18:27:32 count Г  = 30 
19.02.2023 18:27:32 count Д  = 23 
19.02.2023 18:27:32 count Е  = 110 
19.02.2023 18:27:32 count Ж  = 10 
19.02.2023 18:27:32 count З  = 16 
19.02.2023 18:27:32 count И  = 109 
19.02.2023 18:27:32 count Й  = 27 
19.02.2023 18:27:32 count К  = 44 
19.02.2023 18:27:32 count Л  = 34 
19.02.2023 18:27:32 count М  = 57 
19.02.2023 18:27:32 count Н  = 84 
19.02.2023 18:27:32 count О  = 132 
19.02.2023 18:27:32 count П  = 17 
19.02.2023 18:27:32 count Р  = 74 
19.02.2023 18:27:32 count С  = 62 
19.02.2023 18:27:32 count Т  = 63 
19.02.2023 18:27:32 count У  = 17 
19.02.2023 18:27:32 count Ф  = 6 
19.02.2023 18:27:32 count Х  = 22 
19.02.2023 18:27:32 count Ц  = 6 
19.02.2023 18:27:32 count Ч  = 8 
19.02.2023 18:27:32 count Ш  = 4 
19.02.2023 18:27:32 count Щ  = 2 
19.02.2023 18:27:32 count Ы  = 24 
19.02.2023 18:27:32 count Ь  = 13 
19.02.2023 18:27:32 count Э  = 6 
19.02.2023 18:27:32 count Ю  = 7 
19.02.2023 18:27:32 count Я  = 25 
19.02.2023 18:27:32 count 0  = 7614 
19.02.2023 18:27:32 count 1  = 5344 
19.02.2023 18:27:32 count A  = 98 
19.02.2023 18:27:32 count B  = 41 
19.02.2023 18:27:32 count C  = 74 
19.02.2023 18:27:32 count D  = 127 
19.02.2023 18:27:32 count E  = 341 
19.02.2023 18:27:32 count F  = 28 
19.02.2023 18:27:32 count G  = 41 
19.02.2023 18:27:32 count H  = 102 
19.02.2023 18:27:32 count I  = 191 
19.02.2023 18:27:32 count J  = 2 
19.02.2023 18:27:32 count K  = 34 
19.02.2023 18:27:32 count L  = 68 
19.02.2023 18:27:32 count M  = 34 
19.02.2023 18:27:32 count N  = 229 
19.02.2023 18:27:32 count O  = 40 
19.02.2023 18:27:32 count P  = 13 
19.02.2023 18:27:32 count R  = 139 
19.02.2023 18:27:32 count S  = 137 
19.02.2023 18:27:32 count T  = 168 
19.02.2023 18:27:32 count U  = 92 
19.02.2023 18:27:32 count V  = 17 
19.02.2023 18:27:32 count W  = 39 
19.02.2023 18:27:32 count X  = 1 
19.02.2023 18:27:32 count Y  = 1 
19.02.2023 18:27:32 count Z  = 18 
19.02.2023 18:27:32 count Ä  = 13 
19.02.2023 18:27:32 count Ö  = 5 
19.02.2023 18:27:32 count Ü  = 18 
19.02.2023 18:27:32 count ß  = 2 
19.02.2023 18:27:32 count 0  = 13700 
19.02.2023 18:27:32 count 1  = 14087 
19.02.2023 18:29:15 count A  = 1 
19.02.2023 18:29:15 count B  = 1 
19.02.2023 18:29:15 count C  = 1 
19.02.2023 18:29:15 count E  = 3 
19.02.2023 18:29:15 count G  = 1 
19.02.2023 18:29:15 count H  = 1 
19.02.2023 18:29:15 count I  = 1 
19.02.2023 18:29:15 count K  = 1 
19.02.2023 18:29:15 count L  = 1 
19.02.2023 18:29:15 count M  = 1 
19.02.2023 18:29:15 count N  = 2 
19.02.2023 18:29:15 count O  = 2 
19.02.2023 18:29:15 count S  = 4 
19.02.2023 18:29:15 count V  = 1 
19.02.2023 18:29:15 count W  = 1 
19.02.2023 18:29:15 count Ё  = 2 
19.02.2023 18:29:15 count А  = 58 
19.02.2023 18:29:15 count Б  = 19 
19.02.2023 18:29:15 count В  = 53 
19.02.2023 18:29:15 count Г  = 30 
19.02.2023 18:29:15 count Д  = 23 
19.02.2023 18:29:15 count Е  = 110 
19.02.2023 18:29:15 count Ж  = 10 
19.02.2023 18:29:15 count З  = 16 
19.02.2023 18:29:15 count И  = 109 
19.02.2023 18:29:15 count Й  = 27 
19.02.2023 18:29:15 count К  = 44 
19.02.2023 18:29:15 count Л  = 34 
19.02.2023 18:29:15 count М  = 57 
19.02.2023 18:29:15 count Н  = 84 
19.02.2023 18:29:15 count О  = 132 
19.02.2023 18:29:15 count П  = 17 
19.02.2023 18:29:15 count Р  = 74 
19.02.2023 18:29:15 count С  = 62 
19.02.2023 18:29:15 count Т  = 63 
19.02.2023 18:29:15 count У  = 17 
19.02.2023 18:29:15 count Ф  = 6 
19.02.2023 18:29:15 count Х  = 22 
19.02.2023 18:29:15 count Ц  = 6 
19.02.2023 18:29:15 count Ч  = 8 
19.02.2023 18:29:15 count Ш  = 4 
19.02.2023 18:29:15 count Щ  = 2 
19.02.2023 18:29:15 count Ы  = 24 
19.02.2023 18:29:15 count Ь  = 13 
19.02.2023 18:29:15 count Э  = 6 
19.02.2023 18:29:15 count Ю  = 7 
19.02.2023 18:29:15 count Я  = 25 
19.02.2023 18:29:15 count 0  = 7614 
19.02.2023 18:29:15 count 1  = 5344 
19.02.2023 18:29:15 count A  = 98 
19.02.2023 18:29:15 count B  = 41 
19.02.2023 18:29:15 count C  = 74 
19.02.2023 18:29:15 count D  = 127 
19.02.2023 18:29:15 count E  = 341 
19.02.2023 18:29:15 count F  = 28 
19.02.2023 18:29:15 count G  = 41 
19.02.2023 18:29:15 count H  = 102 
19.02.2023 18:29:15 count I  = 191 
19.02.2023 18:29:15 count J  = 2 
19.02.2023 18:29:15 count K  = 34 
19.02.2023 18:29:15 count L  = 68 
19.02.2023 18:29:15 count M  = 34 
19.02.2023 18:29:15 count N  = 229 
19.02.2023 18:29:15 count O  = 40 
19.02.2023 18:29:15 count P  = 13 
19.02.2023 18:29:15 count R  = 139 
19.02.2023 18:29:15 count S  = 137 
19.02.2023 18:29:15 count T  = 168 
19.02.2023 18:29:15 count U  = 92 
19.02.2023 18:29:15 count V  = 17 
19.02.2023 18:29:15 count W  = 39 
19.02.2023 18:29:15 count X  = 1 
19.02.2023 18:29:15 count Y  = 1 
19.02.2023 18:29:15 count Z  = 18 
19.02.2023 18:29:15 count Ä  = 13 
19.02.2023 18:29:15 count Ö  = 5 
19.02.2023 18:29:15 count Ü  = 18 
19.02.2023 18:29:15 count ß  = 2 
19.02.2023 18:29:15 count 0  = 13700 
19.02.2023 18:29:15 count 1  = 14087 
19.02.2023 18:33:22 count Ё  = 2 
19.02.2023 18:33:22 count А  = 59 
19.02.2023 18:33:22 count Б  = 20 
19.02.2023 18:33:22 count В  = 54 
19.02.2023 18:33:22 count Г  = 31 
19.02.2023 18:33:22 count Д  = 23 
19.02.2023 18:33:22 count Е  = 112 
19.02.2023 18:33:22 count Ж  = 10 
19.02.2023 18:33:22 count З  = 16 
19.02.2023 18:33:22 count И  = 110 
19.02.2023 18:33:22 count Й  = 27 
19.02.2023 18:33:22 count К  = 45 
19.02.2023 18:33:22 count Л  = 35 
19.02.2023 18:33:22 count М  = 58 
19.02.2023 18:33:22 count Н  = 86 
19.02.2023 18:33:22 count О  = 134 
19.02.2023 18:33:22 count П  = 17 
19.02.2023 18:33:22 count Р  = 74 
19.02.2023 18:33:22 count С  = 65 
19.02.2023 18:33:22 count Т  = 63 
19.02.2023 18:33:22 count У  = 17 
19.02.2023 18:33:22 count Ф  = 7 
19.02.2023 18:33:22 count Х  = 22 
19.02.2023 18:33:22 count Ц  = 6 
19.02.2023 18:33:22 count Ч  = 8 
19.02.2023 18:33:22 count Ш  = 5 
19.02.2023 18:33:22 count Щ  = 2 
19.02.2023 18:33:22 count Ы  = 24 
19.02.2023 18:33:22 count Ь  = 14 
19.02.2023 18:33:22 count Э  = 6 
19.02.2023 18:33:22 count Ю  = 7 
19.02.2023 18:33:22 count Я  = 25 
19.02.2023 18:33:22 count 0  = 7690 
19.02.2023 18:33:22 count 1  = 5334 
19.02.2023 18:33:22 count A  = 98 
19.02.2023 18:33:22 count B  = 41 
19.02.2023 18:33:22 count C  = 74 
19.02.2023 18:33:22 count D  = 127 
19.02.2023 18:33:22 count E  = 341 
19.02.2023 18:33:22 count F  = 28 
19.02.2023 18:33:22 count G  = 41 
19.02.2023 18:33:22 count H  = 102 
19.02.2023 18:33:22 count I  = 191 
19.02.2023 18:33:22 count J  = 2 
19.02.2023 18:33:22 count K  = 34 
19.02.2023 18:33:22 count L  = 68 
19.02.2023 18:33:22 count M  = 34 
19.02.2023 18:33:22 count N  = 229 
19.02.2023 18:33:22 count O  = 40 
19.02.2023 18:33:22 count P  = 13 
19.02.2023 18:33:22 count R  = 139 
19.02.2023 18:33:22 count S  = 137 
19.02.2023 18:33:22 count T  = 168 
19.02.2023 18:33:22 count U  = 92 
19.02.2023 18:33:22 count V  = 17 
19.02.2023 18:33:22 count W  = 39 
19.02.2023 18:33:22 count X  = 1 
19.02.2023 18:33:22 count Y  = 1 
19.02.2023 18:33:22 count Z  = 18 
19.02.2023 18:33:22 count Ä  = 13 
19.02.2023 18:33:22 count Ö  = 5 
19.02.2023 18:33:22 count Ü  = 18 
19.02.2023 18:33:22 count ß  = 2 
19.02.2023 18:33:22 count 0  = 13776 
19.02.2023 18:33:22 count 1  = 14077 
19.02.2023 18:47:36 count Ё  = 2 
19.02.2023 18:47:36 count А  = 59 
19.02.2023 18:47:36 count Б  = 20 
19.02.2023 18:47:36 count В  = 54 
19.02.2023 18:47:36 count Г  = 31 
19.02.2023 18:47:36 count Д  = 23 
19.02.2023 18:47:36 count Е  = 112 
19.02.2023 18:47:36 count Ж  = 10 
19.02.2023 18:47:36 count З  = 16 
19.02.2023 18:47:36 count И  = 110 
19.02.2023 18:47:36 count Й  = 27 
19.02.2023 18:47:36 count К  = 45 
19.02.2023 18:47:36 count Л  = 35 
19.02.2023 18:47:36 count М  = 58 
19.02.2023 18:47:36 count Н  = 86 
19.02.2023 18:47:36 count О  = 134 
19.02.2023 18:47:36 count П  = 17 
19.02.2023 18:47:36 count Р  = 74 
19.02.2023 18:47:36 count С  = 65 
19.02.2023 18:47:36 count Т  = 63 
19.02.2023 18:47:36 count У  = 17 
19.02.2023 18:47:36 count Ф  = 7 
19.02.2023 18:47:36 count Х  = 22 
19.02.2023 18:47:36 count Ц  = 6 
19.02.2023 18:47:36 count Ч  = 8 
19.02.2023 18:47:36 count Ш  = 5 
19.02.2023 18:47:36 count Щ  = 2 
19.02.2023 18:47:36 count Ы  = 24 
19.02.2023 18:47:36 count Ь  = 14 
19.02.2023 18:47:36 count Э  = 6 
19.02.2023 18:47:36 count Ю  = 7 
19.02.2023 18:47:36 count Я  = 25 
19.02.2023 18:47:36 count 0  = 7690 
19.02.2023 18:47:36 count 1  = 5334 
19.02.2023 18:47:36 count A  = 98 
19.02.2023 18:47:36 count B  = 41 
19.02.2023 18:47:36 count C  = 74 
19.02.2023 18:47:36 count D  = 127 
19.02.2023 18:47:36 count E  = 341 
19.02.2023 18:47:36 count F  = 28 
19.02.2023 18:47:36 count G  = 41 
19.02.2023 18:47:36 count H  = 102 
19.02.2023 18:47:36 count I  = 191 
19.02.2023 18:47:36 count J  = 2 
19.02.2023 18:47:36 count K  = 34 
19.02.2023 18:47:36 count L  = 68 
19.02.2023 18:47:36 count M  = 34 
19.02.2023 18:47:36 count N  = 229 
19.02.2023 18:47:36 count O  = 40 
19.02.2023 18:47:36 count P  = 13 
19.02.2023 18:47:36 count R  = 139 
19.02.2023 18:47:36 count S  = 137 
19.02.2023 18:47:36 count T  = 168 
19.02.2023 18:47:36 count U  = 92 
19.02.2023 18:47:36 count V  = 17 
19.02.2023 18:47:36 count W  = 39 
19.02.2023 18:47:36 count X  = 1 
19.02.2023 18:47:36 count Y  = 1 
19.02.2023 18:47:36 count Z  = 18 
19.02.2023 18:47:36 count Ä  = 13 
19.02.2023 18:47:36 count Ö  = 5 
19.02.2023 18:47:36 count Ü  = 18 
19.02.2023 18:47:36 count ß  = 2 
19.02.2023 18:47:36 count 0  = 13776 
19.02.2023 18:47:36 count 1  = 14077 
20.02.2023 8:35:49 count Ё  = 2 
20.02.2023 8:35:49 count А  = 59 
20.02.2023 8:35:49 count Б  = 20 
20.02.2023 8:35:49 count В  = 54 
20.02.2023 8:35:49 count Г  = 31 
20.02.2023 8:35:49 count Д  = 23 
20.02.2023 8:35:49 count Е  = 112 
20.02.2023 8:35:49 count Ж  = 10 
20.02.2023 8:35:49 count З  = 16 
20.02.2023 8:35:49 count И  = 110 
20.02.2023 8:35:49 count Й  = 27 
20.02.2023 8:35:49 count К  = 45 
20.02.2023 8:35:49 count Л  = 35 
20.02.2023 8:35:49 count М  = 58 
20.02.2023 8:35:49 count Н  = 86 
20.02.2023 8:35:49 count О  = 134 
20.02.2023 8:35:49 count П  = 17 
20.02.2023 8:35:49 count Р  = 74 
20.02.2023 8:35:49 count С  = 65 
20.02.2023 8:35:49 count Т  = 63 
20.02.2023 8:35:49 count У  = 17 
20.02.2023 8:35:49 count Ф  = 7 
20.02.2023 8:35:49 count Х  = 22 
20.02.2023 8:35:49 count Ц  = 6 
20.02.2023 8:35:49 count Ч  = 8 
20.02.2023 8:35:49 count Ш  = 5 
20.02.2023 8:35:49 count Щ  = 2 
20.02.2023 8:35:49 count Ы  = 24 
20.02.2023 8:35:49 count Ь  = 14 
20.02.2023 8:35:49 count Э  = 6 
20.02.2023 8:35:49 count Ю  = 7 
20.02.2023 8:35:49 count Я  = 25 
20.02.2023 8:35:49 count 0  = 7690 
20.02.2023 8:35:49 count 1  = 5334 
20.02.2023 8:35:49 count A  = 98 
20.02.2023 8:35:49 count B  = 41 
20.02.2023 8:35:49 count C  = 74 
20.02.2023 8:35:49 count D  = 127 
20.02.2023 8:35:49 count E  = 341 
20.02.2023 8:35:49 count F  = 28 
20.02.2023 8:35:49 count G  = 41 
20.02.2023 8:35:49 count H  = 102 
20.02.2023 8:35:49 count I  = 191 
20.02.2023 8:35:49 count J  = 2 
20.02.2023 8:35:49 count K  = 34 
20.02.2023 8:35:49 count L  = 68 
20.02.2023 8:35:49 count M  = 34 
20.02.2023 8:35:49 count N  = 229 
20.02.2023 8:35:49 count O  = 40 
20.02.2023 8:35:49 count P  = 13 
20.02.2023 8:35:49 count R  = 139 
20.02.2023 8:35:49 count S  = 137 
20.02.2023 8:35:49 count T  = 168 
20.02.2023 8:35:49 count U  = 92 
20.02.2023 8:35:49 count V  = 17 
20.02.2023 8:35:49 count W  = 39 
20.02.2023 8:35:49 count X  = 1 
20.02.2023 8:35:49 count Y  = 1 
20.02.2023 8:35:49 count Z  = 18 
20.02.2023 8:35:49 count Ä  = 13 
20.02.2023 8:35:49 count Ö  = 5 
20.02.2023 8:35:49 count Ü  = 18 
20.02.2023 8:35:49 count ß  = 2 
20.02.2023 8:35:49 count 0  = 13776 
20.02.2023 8:35:49 count 1  = 14077 
20.02.2023 8:50:26 count Ё  = 2 
20.02.2023 8:50:26 count А  = 59 
20.02.2023 8:50:26 count Б  = 20 
20.02.2023 8:50:26 count В  = 54 
20.02.2023 8:50:26 count Г  = 31 
20.02.2023 8:50:26 count Д  = 23 
20.02.2023 8:50:26 count Е  = 112 
20.02.2023 8:50:26 count Ж  = 10 
20.02.2023 8:50:26 count З  = 16 
20.02.2023 8:50:26 count И  = 110 
20.02.2023 8:50:26 count Й  = 27 
20.02.2023 8:50:26 count К  = 45 
20.02.2023 8:50:26 count Л  = 35 
20.02.2023 8:50:26 count М  = 58 
20.02.2023 8:50:26 count Н  = 86 
20.02.2023 8:50:26 count О  = 134 
20.02.2023 8:50:26 count П  = 17 
20.02.2023 8:50:26 count Р  = 74 
20.02.2023 8:50:26 count С  = 65 
20.02.2023 8:50:26 count Т  = 63 
20.02.2023 8:50:26 count У  = 17 
20.02.2023 8:50:26 count Ф  = 7 
20.02.2023 8:50:26 count Х  = 22 
20.02.2023 8:50:26 count Ц  = 6 
20.02.2023 8:50:26 count Ч  = 8 
20.02.2023 8:50:26 count Ш  = 5 
20.02.2023 8:50:26 count Щ  = 2 
20.02.2023 8:50:26 count Ы  = 24 
20.02.2023 8:50:26 count Ь  = 14 
20.02.2023 8:50:26 count Э  = 6 
20.02.2023 8:50:26 count Ю  = 7 
20.02.2023 8:50:26 count Я  = 25 
20.02.2023 8:50:26 count 0  = 7690 
20.02.2023 8:50:26 count 1  = 5334 
20.02.2023 8:50:26 count A  = 98 
20.02.2023 8:50:26 count B  = 41 
20.02.2023 8:50:26 count C  = 74 
20.02.2023 8:50:26 count D  = 127 
20.02.2023 8:50:26 count E  = 341 
20.02.2023 8:50:26 count F  = 28 
20.02.2023 8:50:26 count G  = 41 
20.02.2023 8:50:26 count H  = 102 
20.02.2023 8:50:26 count I  = 191 
20.02.2023 8:50:26 count J  = 2 
20.02.2023 8:50:26 count K  = 34 
20.02.2023 8:50:26 count L  = 68 
20.02.2023 8:50:26 count M  = 34 
20.02.2023 8:50:26 count N  = 229 
20.02.2023 8:50:26 count O  = 40 
20.02.2023 8:50:26 count P  = 13 
20.02.2023 8:50:26 count R  = 139 
20.02.2023 8:50:26 count S  = 137 
20.02.2023 8:50:26 count T  = 168 
20.02.2023 8:50:26 count U  = 92 
20.02.2023 8:50:26 count V  = 17 
20.02.2023 8:50:26 count W  = 39 
20.02.2023 8:50:26 count X  = 1 
20.02.2023 8:50:26 count Y  = 1 
20.02.2023 8:50:26 count Z  = 18 
20.02.2023 8:50:26 count Ä  = 13 
20.02.2023 8:50:26 count Ö  = 5 
20.02.2023 8:50:26 count Ü  = 18 
20.02.2023 8:50:26 count ß  = 2 
20.02.2023 8:50:26 count 0  = 13776 
20.02.2023 8:50:26 count 1  = 14077 
27.02.2023 11:36:05 count Ё  = 2 
27.02.2023 11:36:05 count А  = 59 
27.02.2023 11:36:05 count Б  = 20 
27.02.2023 11:36:05 count В  = 54 
27.02.2023 11:36:05 count Г  = 31 
27.02.2023 11:36:05 count Д  = 23 
27.02.2023 11:36:05 count Е  = 112 
27.02.2023 11:36:05 count Ж  = 10 
27.02.2023 11:36:05 count З  = 16 
27.02.2023 11:36:05 count И  = 110 
27.02.2023 11:36:05 count Й  = 27 
27.02.2023 11:36:05 count К  = 45 
27.02.2023 11:36:05 count Л  = 35 
27.02.2023 11:36:05 count М  = 58 
27.02.2023 11:36:05 count Н  = 86 
27.02.2023 11:36:05 count О  = 134 
27.02.2023 11:36:05 count П  = 17 
27.02.2023 11:36:05 count Р  = 74 
27.02.2023 11:36:05 count С  = 65 
27.02.2023 11:36:05 count Т  = 63 
27.02.2023 11:36:05 count У  = 17 
27.02.2023 11:36:05 count Ф  = 7 
27.02.2023 11:36:05 count Х  = 22 
27.02.2023 11:36:05 count Ц  = 6 
27.02.2023 11:36:05 count Ч  = 8 
27.02.2023 11:36:05 count Ш  = 5 
27.02.2023 11:36:05 count Щ  = 2 
27.02.2023 11:36:05 count Ы  = 24 
27.02.2023 11:36:05 count Ь  = 14 
27.02.2023 11:36:05 count Э  = 6 
27.02.2023 11:36:05 count Ю  = 7 
27.02.2023 11:36:05 count Я  = 25 
27.02.2023 11:36:05 count 0  = 7690 
27.02.2023 11:36:05 count 1  = 5334 
27.02.2023 11:36:05 count A  = 98 
27.02.2023 11:36:05 count B  = 41 
27.02.2023 11:36:05 count C  = 74 
27.02.2023 11:36:05 count D  = 127 
27.02.2023 11:36:05 count E  = 341 
27.02.2023 11:36:05 count F  = 28 
27.02.2023 11:36:05 count G  = 41 
27.02.2023 11:36:05 count H  = 102 
27.02.2023 11:36:05 count I  = 191 
27.02.2023 11:36:05 count J  = 2 
27.02.2023 11:36:05 count K  = 34 
27.02.2023 11:36:05 count L  = 68 
27.02.2023 11:36:05 count M  = 34 
27.02.2023 11:36:05 count N  = 229 
27.02.2023 11:36:05 count O  = 40 
27.02.2023 11:36:05 count P  = 13 
27.02.2023 11:36:05 count R  = 139 
27.02.2023 11:36:05 count S  = 137 
27.02.2023 11:36:05 count T  = 168 
27.02.2023 11:36:05 count U  = 92 
27.02.2023 11:36:05 count V  = 17 
27.02.2023 11:36:05 count W  = 39 
27.02.2023 11:36:05 count X  = 1 
27.02.2023 11:36:05 count Y  = 1 
27.02.2023 11:36:05 count Z  = 18 
27.02.2023 11:36:05 count Ä  = 13 
27.02.2023 11:36:05 count Ö  = 5 
27.02.2023 11:36:05 count Ü  = 18 
27.02.2023 11:36:05 count ß  = 2 
27.02.2023 11:36:05 count 0  = 13776 
27.02.2023 11:36:05 count 1  = 14077 
27.02.2023 11:36:15 count Ё  = 2 
27.02.2023 11:36:15 count А  = 59 
27.02.2023 11:36:15 count Б  = 20 
27.02.2023 11:36:15 count В  = 54 
27.02.2023 11:36:15 count Г  = 31 
27.02.2023 11:36:15 count Д  = 23 
27.02.2023 11:36:15 count Е  = 112 
27.02.2023 11:36:15 count Ж  = 10 
27.02.2023 11:36:15 count З  = 16 
27.02.2023 11:36:15 count И  = 110 
27.02.2023 11:36:15 count Й  = 27 
27.02.2023 11:36:15 count К  = 45 
27.02.2023 11:36:15 count Л  = 35 
27.02.2023 11:36:15 count М  = 58 
27.02.2023 11:36:15 count Н  = 86 
27.02.2023 11:36:15 count О  = 134 
27.02.2023 11:36:15 count П  = 17 
27.02.2023 11:36:15 count Р  = 74 
27.02.2023 11:36:15 count С  = 65 
27.02.2023 11:36:15 count Т  = 63 
27.02.2023 11:36:15 count У  = 17 
27.02.2023 11:36:15 count Ф  = 7 
27.02.2023 11:36:15 count Х  = 22 
27.02.2023 11:36:15 count Ц  = 6 
27.02.2023 11:36:15 count Ч  = 8 
27.02.2023 11:36:15 count Ш  = 5 
27.02.2023 11:36:15 count Щ  = 2 
27.02.2023 11:36:15 count Ы  = 24 
27.02.2023 11:36:15 count Ь  = 14 
27.02.2023 11:36:15 count Э  = 6 
27.02.2023 11:36:15 count Ю  = 7 
27.02.2023 11:36:15 count Я  = 25 
27.02.2023 11:36:15 count 0  = 7690 
27.02.2023 11:36:15 count 1  = 5334 
27.02.2023 11:36:15 count A  = 98 
27.02.2023 11:36:15 count B  = 41 
27.02.2023 11:36:15 count C  = 74 
27.02.2023 11:36:15 count D  = 127 
27.02.2023 11:36:15 count E  = 341 
27.02.2023 11:36:15 count F  = 28 
27.02.2023 11:36:15 count G  = 41 
27.02.2023 11:36:15 count H  = 102 
27.02.2023 11:36:15 count I  = 191 
27.02.2023 11:36:15 count J  = 2 
27.02.2023 11:36:15 count K  = 34 
27.02.2023 11:36:15 count L  = 68 
27.02.2023 11:36:15 count M  = 34 
27.02.2023 11:36:15 count N  = 229 
27.02.2023 11:36:15 count O  = 40 
27.02.2023 11:36:15 count P  = 13 
27.02.2023 11:36:15 count R  = 139 
27.02.2023 11:36:15 count S  = 137 
27.02.2023 11:36:15 count T  = 168 
27.02.2023 11:36:15 count U  = 92 
27.02.2023 11:36:15 count V  = 17 
27.02.2023 11:36:15 count W  = 39 
27.02.2023 11:36:15 count X  = 1 
27.02.2023 11:36:15 count Y  = 1 
27.02.2023 11:36:15 count Z  = 18 
27.02.2023 11:36:15 count Ä  = 13 
27.02.2023 11:36:15 count Ö  = 5 
27.02.2023 11:36:15 count Ü  = 18 
27.02.2023 11:36:15 count ß  = 2 
27.02.2023 11:36:15 count 0  = 13776 
27.02.2023 11:36:15 count 1  = 14077 
