Element Ё - 2 

Element А - 59 

Element Б - 20 

Element В - 54 

Element Г - 31 

Element Д - 23 

Element Е - 112 

Element Ж - 10 

Element З - 16 

Element И - 110 

Element Й - 27 

Element К - 45 

Element Л - 35 

Element М - 58 

Element Н - 86 

Element О - 134 

Element П - 17 

Element Р - 74 

Element С - 65 

Element Т - 63 

Element У - 17 

Element Ф - 7 

Element Х - 22 

Element Ц - 6 

Element Ч - 8 

Element Ш - 5 

Element Щ - 2 

Element Ы - 24 

Element Ь - 14 

Element Э - 6 

Element Ю - 7 

Element Я - 25 

